<?xml version="1.0" encoding="UTF-8"?>
<coverage generated="1717164949">
  <project timestamp="1717164949">
    <file name="/var/www/html/src/BadgeComposer.php">
      <class name="CodeB\CoverageBadge\BadgeComposer" namespace="global">
        <metrics complexity="18" methods="6" coveredmethods="3" conditionals="0" coveredconditionals="0" statements="40" coveredstatements="17" elements="46" coveredelements="20"/>
      </class>
      <line num="26" type="method" name="__construct" visibility="public" complexity="1" crap="1" count="4"/>
      <line num="28" type="stmt" count="4"/>
      <line num="29" type="stmt" count="4"/>
      <line num="30" type="stmt" count="4"/>
      <line num="32" type="stmt" count="4"/>
      <line num="40" type="method" name="getTotalCoverage" visibility="public" complexity="1" crap="1" count="2"/>
      <line num="42" type="stmt" count="2"/>
      <line num="56" type="method" name="validateFiles" visibility="private" complexity="4" crap="4" count="4"/>
      <line num="58" type="stmt" count="4"/>
      <line num="59" type="stmt" count="4"/>
      <line num="60" type="stmt" count="1"/>
      <line num="64" type="stmt" count="4"/>
      <line num="65" type="stmt" count="1"/>
      <line num="78" type="method" name="run" visibility="public" complexity="2" crap="6" count="0"/>
      <line num="80" type="stmt" count="0"/>
      <line num="81" type="stmt" count="0"/>
      <line num="83" type="stmt" count="0"/>
      <line num="95" type="method" name="processFile" visibility="private" complexity="4" crap="4.18" count="2"/>
      <line num="98" type="stmt" count="2"/>
      <line num="99" type="stmt" count="2"/>
      <line num="100" type="stmt" count="2"/>
      <line num="101" type="stmt" count="2"/>
      <line num="102" type="stmt" count="2"/>
      <line num="105" type="stmt" count="2"/>
      <line num="106" type="stmt" count="2"/>
      <line num="107" type="stmt" count="0"/>
      <line num="108" type="stmt" count="0"/>
      <line num="118" type="method" name="finalizeCoverage" visibility="private" complexity="6" crap="42" count="0"/>
      <line num="120" type="stmt" count="0"/>
      <line num="121" type="stmt" count="0"/>
      <line num="123" type="stmt" count="0"/>
      <line num="125" type="stmt" count="0"/>
      <line num="127" type="stmt" count="0"/>
      <line num="128" type="stmt" count="0"/>
      <line num="129" type="stmt" count="0"/>
      <line num="130" type="stmt" count="0"/>
      <line num="131" type="stmt" count="0"/>
      <line num="132" type="stmt" count="0"/>
      <line num="133" type="stmt" count="0"/>
      <line num="134" type="stmt" count="0"/>
      <line num="135" type="stmt" count="0"/>
      <line num="136" type="stmt" count="0"/>
      <line num="137" type="stmt" count="0"/>
      <line num="140" type="stmt" count="0"/>
      <line num="141" type="stmt" count="0"/>
      <line num="143" type="stmt" count="0"/>
      <metrics loc="146" ncloc="89" classes="1" methods="6" coveredmethods="3" conditionals="0" coveredconditionals="0" statements="40" coveredstatements="17" elements="46" coveredelements="20"/>
    </file>
    <metrics files="1" loc="146" ncloc="89" classes="1" methods="6" coveredmethods="3" conditionals="0" coveredconditionals="0" statements="40" coveredstatements="17" elements="46" coveredelements="20"/>
  </project>
</coverage>
